#
# A fatal error has been detected by the Java Runtime Environment:
#
#  Internal Error (javaClasses.cpp:129), pid=9896, tid=12424
#  fatal error: Invalid layout of preloaded class
#
# JRE version: 7.0_21-b11
# Java VM: Java HotSpot(TM) 64-Bit Server VM (23.21-b01 mixed mode windows-amd64 compressed oops)
# Failed to write core dump. Minidumps are not enabled by default on client versions of Windows
#
# If you would like to submit a bug report, please visit:
#   http://bugreport.sun.com/bugreport/crash.jsp
#

---------------  T H R E A D  ---------------

Current thread (0x000000000235c800):  JavaThread "Unknown thread" [_thread_in_vm, id=12424, stack(0x0000000002580000,0x0000000002680000)]

Stack: [0x0000000002580000,0x0000000002680000]

---------------  P R O C E S S  ---------------

Java Threads: ( => current thread )

Other Threads:

=>0x000000000235c800 (exited) JavaThread "Unknown thread" [_thread_in_vm, id=12424, stack(0x0000000002580000,0x0000000002680000)]

VM state:not at safepoint (not fully initialized)

VM Mutex/Monitor currently owned by a thread: None

GC Heap History (0 events):
No events

Deoptimization events (0 events):
No events

Internal exceptions (0 events):
No events

Events (10 events):
Event: 0.016 loading class 0x00000000021e3b50 done
Event: 0.016 loading class 0x00000000021a21b0 done
Event: 0.016 loading class 0x00000000021a2180
Event: 0.016 loading class 0x0000000002238870
Event: 0.016 loading class 0x0000000002238870 done
Event: 0.016 loading class 0x00000000022388b0
Event: 0.016 loading class 0x00000000022388b0 done
Event: 0.016 loading class 0x000000000b0df040
Event: 0.016 loading class 0x000000000b0df040 done
Event: 0.016 loading class 0x00000000021a2180 done


Dynamic libraries:
0x000000013f0f0000 - 0x000000013f123000 	C:\Program Files\Java\jre7\bin\javaw.exe
0x0000000076fd0000 - 0x0000000077179000 	C:\windows\SYSTEM32\ntdll.dll
0x0000000076db0000 - 0x0000000076ecf000 	C:\windows\system32\kernel32.dll
0x000007fefce10000 - 0x000007fefce7c000 	C:\windows\system32\KERNELBASE.dll
0x000007fefe4a0000 - 0x000007fefe57b000 	C:\windows\system32\ADVAPI32.dll
0x000007feff240000 - 0x000007feff2df000 	C:\windows\system32\msvcrt.dll
0x000007fefd430000 - 0x000007fefd44f000 	C:\windows\SYSTEM32\sechost.dll
0x000007fefe900000 - 0x000007fefea2d000 	C:\windows\system32\RPCRT4.dll
0x0000000076ed0000 - 0x0000000076fca000 	C:\windows\system32\USER32.dll
0x000007feff1d0000 - 0x000007feff237000 	C:\windows\system32\GDI32.dll
0x000007fefea90000 - 0x000007fefea9e000 	C:\windows\system32\LPK.dll
0x000007fefd450000 - 0x000007fefd519000 	C:\windows\system32\USP10.dll
0x000007fefb6d0000 - 0x000007fefb8c4000 	C:\windows\WinSxS\amd64_microsoft.windows.common-controls_6595b64144ccf1df_6.0.7601.17514_none_fa396087175ac9ac\COMCTL32.dll
0x000007fefebb0000 - 0x000007fefec21000 	C:\windows\system32\SHLWAPI.dll
0x000007fefe580000 - 0x000007fefe5ae000 	C:\windows\system32\IMM32.DLL
0x000007fefeaa0000 - 0x000007fefeba9000 	C:\windows\system32\MSCTF.dll
0x000000006d630000 - 0x000000006d701000 	C:\Program Files\Java\jre7\bin\msvcr100.dll
0x00000000778d0000 - 0x0000000077ff1000 	C:\Program Files\Java\jre7\bin\server\jvm.dll
0x000007fef66f0000 - 0x000007fef66f9000 	C:\windows\system32\WSOCK32.dll
0x000007fefe5d0000 - 0x000007fefe61d000 	C:\windows\system32\WS2_32.dll
0x000007fefd240000 - 0x000007fefd248000 	C:\windows\system32\NSI.dll
0x000007fef9d00000 - 0x000007fef9d3b000 	C:\windows\system32\WINMM.dll
0x0000000077190000 - 0x0000000077197000 	C:\windows\system32\PSAPI.DLL
0x0000000074ad0000 - 0x0000000074adf000 	C:\Program Files\Java\jre7\bin\verify.dll
0x0000000074aa0000 - 0x0000000074ac8000 	C:\Program Files\Java\jre7\bin\java.dll
0x0000000074a80000 - 0x0000000074a95000 	C:\Program Files\Java\jre7\bin\zip.dll

VM Arguments:
jvm_args: -Dfile.encoding=Cp1255 -Xbootclasspath:C:\ide's\adt-bundle-windows-x86_64-20140702\sdk\platforms\android-19\android.jar 
java_command: ByteConversionTest
Launcher Type: SUN_STANDARD

Environment Variables:
PATH=C:\Program Files\Common Files\Microsoft Shared\Windows Live;C:\Program Files (x86)\Common Files\Microsoft Shared\Windows Live;C:\windows\system32;C:\windows;C:\windows\System32\Wbem;C:\windows\System32\WindowsPowerShell\v1.0\;C:\Program Files (x86)\Windows Live\Shared;C:\Program Files (x86)\ATI Technologies\ATI.ACE\Core-Static;C:\Program Files\MySQL\MySQL Server 5.5\bin;C:\Python27\;C:\Users\Yaakov Gesher\AppData\Local\Smartbar\Application\;C:\Users\Yaakov Gesher\AppData\Local\Smartbar\Application\;C:\ide's\adt-bundle-windows-x86_64-20130514;C:\ide's\apache-ant-1.9.1\bin;C:\ProgramFiles\Java\jre7\bin
USERNAME=Yaakov Gesher
OS=Windows_NT
PROCESSOR_IDENTIFIER=AMD64 Family 18 Model 1 Stepping 0, AuthenticAMD



---------------  S Y S T E M  ---------------

OS: Windows 7 , 64 bit Build 7601 Service Pack 1

CPU:total 4 (4 cores per cpu, 1 threads per core) family 18 model 1 stepping 0, cmov, cx8, fxsr, mmx, sse, sse2, sse3, popcnt, mmxext, 3dnowpref, lzcnt, sse4a, tsc, tscinvbit, tscinv

Memory: 4k page, physical 7841912k(2837692k free), swap 15681960k(5912676k free)

vm_info: Java HotSpot(TM) 64-Bit Server VM (23.21-b01) for windows-amd64 JRE (1.7.0_21-b11), built on Apr  4 2013 08:11:28 by "java_re" with unknown MS VC++:1600

time: Thu Aug 21 10:43:14 2014
elapsed time: 0 seconds

