#
# A fatal error has been detected by the Java Runtime Environment:
#
#  Internal Error (javaClasses.cpp:129), pid=6008, tid=4108
#  fatal error: Invalid layout of preloaded class
#
# JRE version: 7.0_17-b02
# Java VM: Java HotSpot(TM) 64-Bit Server VM (23.7-b01 mixed mode windows-amd64 compressed oops)
# Failed to write core dump. Minidumps are not enabled by default on client versions of Windows
#
# If you would like to submit a bug report, please visit:
#   http://bugreport.sun.com/bugreport/crash.jsp
#

---------------  T H R E A D  ---------------

Current thread (0x0000000001f1c800):  JavaThread "Unknown thread" [_thread_in_vm, id=4108, stack(0x0000000001fd0000,0x00000000020d0000)]

Stack: [0x0000000001fd0000,0x00000000020d0000]

---------------  P R O C E S S  ---------------

Java Threads: ( => current thread )

Other Threads:

=>0x0000000001f1c800 (exited) JavaThread "Unknown thread" [_thread_in_vm, id=4108, stack(0x0000000001fd0000,0x00000000020d0000)]

VM state:not at safepoint (not fully initialized)

VM Mutex/Monitor currently owned by a thread: None

GC Heap History (0 events):
No events

Deoptimization events (0 events):
No events

Internal exceptions (0 events):
No events

Events (10 events):
Event: 0.014 loading class 0x0000000001e5fed0 done
Event: 0.014 loading class 0x0000000001e247c0 done
Event: 0.014 loading class 0x0000000001e24790
Event: 0.014 loading class 0x0000000001e6dc30
Event: 0.014 loading class 0x0000000001e6dc30 done
Event: 0.014 loading class 0x0000000001e6dc70
Event: 0.014 loading class 0x0000000001e6dc70 done
Event: 0.014 loading class 0x0000000001eb6f90
Event: 0.014 loading class 0x0000000001eb6f90 done
Event: 0.014 loading class 0x0000000001e24790 done


Dynamic libraries:
0x000000013f3d0000 - 0x000000013f403000 	C:\Program Files\Java\jdk1.7.0_17\bin\javaw.exe
0x0000000077220000 - 0x00000000773c9000 	C:\windows\SYSTEM32\ntdll.dll
0x0000000077100000 - 0x000000007721f000 	C:\windows\system32\kernel32.dll
0x000007fefd050000 - 0x000007fefd0bc000 	C:\windows\system32\KERNELBASE.dll
0x000007fefd940000 - 0x000007fefda1b000 	C:\windows\system32\ADVAPI32.dll
0x000007fefdc50000 - 0x000007fefdcef000 	C:\windows\system32\msvcrt.dll
0x000007fefd670000 - 0x000007fefd68f000 	C:\windows\SYSTEM32\sechost.dll
0x000007fefda20000 - 0x000007fefdb4d000 	C:\windows\system32\RPCRT4.dll
0x0000000077000000 - 0x00000000770fa000 	C:\windows\system32\USER32.dll
0x000007feff4c0000 - 0x000007feff527000 	C:\windows\system32\GDI32.dll
0x000007fefefc0000 - 0x000007fefefce000 	C:\windows\system32\LPK.dll
0x000007feff3f0000 - 0x000007feff4b9000 	C:\windows\system32\USP10.dll
0x000007fefb920000 - 0x000007fefbb14000 	C:\windows\WinSxS\amd64_microsoft.windows.common-controls_6595b64144ccf1df_6.0.7601.17514_none_fa396087175ac9ac\COMCTL32.dll
0x000007fefdcf0000 - 0x000007fefdd61000 	C:\windows\system32\SHLWAPI.dll
0x000007fefd3f0000 - 0x000007fefd41e000 	C:\windows\system32\IMM32.DLL
0x000007fefe0d0000 - 0x000007fefe1d9000 	C:\windows\system32\MSCTF.dll
0x0000000062c40000 - 0x0000000062d11000 	C:\Program Files\Java\jdk1.7.0_17\jre\bin\msvcr100.dll
0x00000000616d0000 - 0x0000000061def000 	C:\Program Files\Java\jdk1.7.0_17\jre\bin\server\jvm.dll
0x000007fefaca0000 - 0x000007fefaca9000 	C:\windows\system32\WSOCK32.dll
0x000007fefe1e0000 - 0x000007fefe22d000 	C:\windows\system32\WS2_32.dll
0x000007fefd420000 - 0x000007fefd428000 	C:\windows\system32\NSI.dll
0x000007fef9ef0000 - 0x000007fef9f2b000 	C:\windows\system32\WINMM.dll
0x00000000773f0000 - 0x00000000773f7000 	C:\windows\system32\PSAPI.DLL
0x0000000061530000 - 0x000000006153f000 	C:\Program Files\Java\jdk1.7.0_17\jre\bin\verify.dll
0x00000000614f0000 - 0x0000000061518000 	C:\Program Files\Java\jdk1.7.0_17\jre\bin\java.dll
0x00000000614a0000 - 0x00000000614b5000 	C:\Program Files\Java\jdk1.7.0_17\jre\bin\zip.dll

VM Arguments:
jvm_args: -Dfile.encoding=Cp1255 -Xbootclasspath:C:\ide's\adt-bundle-windows-x86_64-20140702\sdk\platforms\android-19\android.jar 
java_command: ByteConversionTest
Launcher Type: SUN_STANDARD

Environment Variables:
PATH=C:/Program Files/Java/jdk1.7.0_17/jre/bin/server;C:/Program Files/Java/jdk1.7.0_17/jre/bin;C:/Program Files/Java/jdk1.7.0_17/jre/lib/amd64;C:\Program Files\Common Files\Microsoft Shared\Windows Live;C:\Program Files (x86)\Common Files\Microsoft Shared\Windows Live;C:\windows\system32;C:\windows;C:\windows\System32\Wbem;C:\windows\System32\WindowsPowerShell\v1.0\;C:\Program Files (x86)\Windows Live\Shared;C:\Program Files (x86)\ATI Technologies\ATI.ACE\Core-Static;C:\Program Files\MySQL\MySQL Server 5.5\bin;C:\Python27\;C:\Users\Yaakov Gesher\AppData\Local\Smartbar\Application\;C:\Users\Yaakov Gesher\AppData\Local\Smartbar\Application\;C:\ide's\adt-bundle-windows-x86_64-20130514;C:\ide's\apache-ant-1.9.1\bin;C:\Program Files\Java\jdk1.7.0_17\jre\bin;C:\ide's\adt-bundle-windows-x86_64-20140702\eclipse;
USERNAME=Yaakov Gesher
OS=Windows_NT
PROCESSOR_IDENTIFIER=AMD64 Family 18 Model 1 Stepping 0, AuthenticAMD



---------------  S Y S T E M  ---------------

OS: Windows 7 , 64 bit Build 7601 Service Pack 1

CPU:total 4 (4 cores per cpu, 1 threads per core) family 18 model 1 stepping 0, cmov, cx8, fxsr, mmx, sse, sse2, sse3, popcnt, mmxext, 3dnowpref, lzcnt, sse4a, tsc, tscinvbit, tscinv

Memory: 4k page, physical 7841912k(4727636k free), swap 15681960k(11879888k free)

vm_info: Java HotSpot(TM) 64-Bit Server VM (23.7-b01) for windows-amd64 JRE (1.7.0_17-b02), built on Mar  1 2013 03:38:30 by "java_re" with unknown MS VC++:1600

time: Thu Aug 21 12:25:35 2014
elapsed time: 0 seconds

